[debug] ----------------------------------------------------------------------
[debug] Command:      C:\Program Files\nodejs\node.exe C:\Users\bneal\AppData\Roaming\npm\node_modules\firebase-tools\bin\firebase serve
[debug] CLI Version:  3.0.2
[debug] Platform:     win32
[debug] Node Version: v6.2.0
[debug] Time:         Mon Jun 06 2016 05:57:11 GMT-0400 (Eastern Daylight Time)
[debug] ----------------------------------------------------------------------
[debug] 
[info] Starting Firebase development server...
[info] 
[info] Project Directory: c:\Users\bneal\OneDrive\p\thatspecialflavor_dev
[info] Public Directory: public
[info] 
[info] Server listening at: http://localhost:5000
[debug] ----------------------------------------------------------------------
[debug] Command:      C:\Program Files\nodejs\node.exe C:\Users\bneal\AppData\Roaming\npm\node_modules\firebase-tools\bin\firebase serve
[debug] CLI Version:  3.0.2
[debug] Platform:     win32
[debug] Node Version: v6.2.0
[debug] Time:         Tue Jun 14 2016 19:09:12 GMT-0400 (Eastern Daylight Time)
[debug] ----------------------------------------------------------------------
[debug] 
[info] Starting Firebase development server...
[info] 
[info] Project Directory: c:\Users\bneal\OneDrive\p\thatspecialflavor_dev
[info] Public Directory: public
[info] 
[info] Server listening at: http://localhost:5000
